<?xml version="1.0" encoding="utf-8"?><testsuites name="pytest tests"><testsuite name="pytest" errors="0" failures="1" skipped="0" tests="5" time="6.276" timestamp="2026-09-12T10:30:12.538142+00:00" hostname="agent-env-f42e8a1c-4b5c-4f88-a89a-ab5f5c59bdef"><testcase classname="tests.test_admin_login_device.TestAdminLoginFresh" name="test_mofeed_login_ok" time="0.579" /><testcase classname="tests.test_admin_login_device.TestAdminLoginFresh" name="test_admin_admin123_ok" time="1.139" /><testcase classname="tests.test_admin_login_device.TestUnbindFlow" name="test_admin_unbinds_mofeed_then_new_device_login" time="1.382" /><testcase classname="tests.test_admin_login_device.TestUnbindFlow" name="test_second_device_blocked_without_unbind" time="1.690"><failure message="AssertionError: REVIEW EXPECTATION: admin must log in from ANY device, but got 403 {&quot;detail&quot;:&quot;هذا الحساب مرتبط بجهاز آخر. يرجى استخدام الجهاز المرتبط أو التواصل مع مدير النظام لفك الربط.&quot;}. Current server.py enforces device binding for admin role at line ~517.&#10;assert 403 == 200&#10; +  where 403 = &lt;Response [403]&gt;.status_code">backend/tests/test_admin_login_device.py:108: in test_second_device_blocked_without_unbind
    assert r2.status_code == 200, (
E   AssertionError: REVIEW EXPECTATION: admin must log in from ANY device, but got 403 {"detail":"هذا الحساب مرتبط بجهاز آخر. يرجى استخدام الجهاز المرتبط أو التواصل مع مدير النظام لفك الربط."}. Current server.py enforces device binding for admin role at line ~517.
E   assert 403 == 200
E    +  where 403 = &lt;Response [403]&gt;.status_code</failure></testcase><testcase classname="tests.test_admin_login_device.TestCustomersEndpoint" name="test_customers_reachable" time="1.412" /></testsuite></testsuites>