<?xml version="1.0" encoding="utf-8"?><testsuites name="pytest tests"><testsuite name="pytest" errors="0" failures="0" skipped="0" tests="5" time="4.098" timestamp="2026-09-12T10:36:19.099913+00:00" hostname="agent-env-f42e8a1c-4b5c-4f88-a89a-ab5f5c59bdef"><testcase classname="tests.test_admin_device_exempt.TestAdminDeviceExempt" name="test_mofeed_two_different_devices_both_succeed" time="0.836" /><testcase classname="tests.test_admin_device_exempt.TestAdminDeviceExempt" name="test_admin_admin123_two_devices" time="0.594" /><testcase classname="tests.test_admin_device_exempt.TestAdminDeviceExempt" name="test_mof_two_devices" time="0.579" /><testcase classname="tests.test_admin_device_exempt.TestNormalUserStillBound" name="test_normal_user_bound_to_first_device_blocked_on_second" time="1.489" /><testcase classname="tests.test_admin_device_exempt.TestUnbindDeviceEndpoint" name="test_unbind_endpoint_returns_ok" time="0.480" /></testsuite></testsuites>