<?xml version="1.0" encoding="utf-8"?><testsuites name="pytest tests"><testsuite name="pytest" errors="0" failures="0" skipped="0" tests="13" time="4.818" timestamp="2026-09-12T13:37:33.028837+00:00" hostname="agent-env-f42e8a1c-4b5c-4f88-a89a-ab5f5c59bdef"><testcase classname="tests.test_iteration10_phase123.TestCustomerDelete" name="test_create_then_delete_clean_customer" time="1.442" /><testcase classname="tests.test_iteration10_phase123.TestWhatsAppUrls" name="test_password_change_returns_wa_url" time="1.239" /><testcase classname="tests.test_iteration10_phase123.TestWhatsAppUrls" name="test_unbind_device_returns_wa_url" time="0.313" /><testcase classname="tests.test_iteration10_phase123.TestCustomerDelete" name="test_delete_refused_when_customer_has_sale" time="0.555" /><testcase classname="tests.test_iteration10_phase123.TestWhatsAppUrls" name="test_public_unblock_returns_wa_url" time="0.378" /><testcase classname="tests.test_iteration10_phase123.TestAdminLogin" name="test_mofeed_login_succeeds" time="0.000" /><testcase classname="tests.test_iteration10_phase123.TestDashboardSalesToday" name="test_sales_today_matches_active_sum_yemen_tz" time="0.228" /><testcase classname="tests.test_iteration10_phase123.TestPWA" name="test_manifest_json" time="0.113" /><testcase classname="tests.test_iteration10_phase123.TestPWA" name="test_service_worker" time="0.093" /><testcase classname="tests.test_iteration10_phase123.TestSupplierDelete" name="test_create_then_delete_supplier" time="0.208" /><testcase classname="tests.test_iteration10_phase123.TestPurchaseDelete" name="test_purchase_delete_reverses_and_audit" time="1.138" /><testcase classname="tests.test_iteration10_phase123.TestSaleDelete" name="test_sale_delete_reverses_balance_and_audit" time="1.316" /><testcase classname="tests.test_iteration10_phase123.TestReceiptDelete" name="test_receipt_delete_reverses_and_audit" time="1.160" /></testsuite></testsuites>