<?xml version="1.0" encoding="utf-8"?><testsuites name="pytest tests"><testsuite name="pytest" errors="0" failures="0" skipped="0" tests="8" time="2.373" timestamp="2026-09-12T20:20:35.206330+00:00" hostname="agent-env-f42e8a1c-4b5c-4f88-a89a-ab5f5c59bdef"><testcase classname="tests.test_iteration14_incentives_statement" name="test_1_create_customer_incentives_visible_false_persists" time="1.146" /><testcase classname="tests.test_iteration14_incentives_statement" name="test_2_public_incentives_disabled_when_customer_hidden" time="0.124" /><testcase classname="tests.test_iteration14_incentives_statement" name="test_3_public_incentives_disabled_when_exclude_special_price_and_customer_flag" time="0.446" /><testcase classname="tests.test_iteration14_incentives_statement" name="test_4_public_statement_day_boundary" time="0.126" /><testcase classname="tests.test_iteration14_incentives_statement" name="test_5_admin_receipts_returns_full_object" time="0.116" /><testcase classname="tests.test_iteration14_incentives_statement" name="test_6_reports_incentives_pending_shape" time="0.103" /><testcase classname="tests.test_iteration14_incentives_statement" name="test_7_reports_incentives_redeemed_shape" time="0.068" /><testcase classname="tests.test_iteration14_incentives_statement" name="test_8_payment_request_message_format" time="0.170" /></testsuite></testsuites>